Release 14.7 Map P.20131013 (nt64)
Xilinx Mapping Report File for Design 'DataPath'

Design Information
------------------
Command Line   : map -intstyle ise -p xc3s100e-cp132-4 -cm area -ir off -pr off
-c 100 -o DataPath_map.ncd DataPath.ngd DataPath.pcf 
Target Device  : xc3s100e
Target Package : cp132
Target Speed   : -4
Mapper Version : spartan3e -- $Revision: 1.55 $
Mapped Date    : Sat May 20 14:46:58 2017

Design Summary
--------------
Number of errors:      0
Number of warnings:   36
Logic Utilization:
  Total Number Slice Registers:         124 out of   1,920    6%
    Number used as Flip Flops:           76
    Number used as Latches:              48
  Number of 4 input LUTs:             1,444 out of   1,920   75%
Logic Distribution:
  Number of occupied Slices:            768 out of     960   80%
    Number of Slices containing only related logic:     768 out of     768 100%
    Number of Slices containing unrelated logic:          0 out of     768   0%
      *See NOTES below for an explanation of the effects of unrelated logic.
  Total Number of 4 input LUTs:       1,504 out of   1,920   78%
    Number used as logic:             1,188
    Number used as a route-thru:         60
    Number used for Dual Port RAMs:     256
      (Two LUTs used per Dual Port RAM)

  The Slice Logic Distribution report is not meaningful if the design is
  over-mapped for a non-slice resource or if Placement fails.

  Number of bonded IOBs:                 19 out of      83   22%
  Number of RAMB16s:                      4 out of       4  100%
  Number of BUFGMUXs:                     2 out of      24    8%

Average Fanout of Non-Clock Nets:                4.31

Peak Memory Usage:  349 MB
Total REAL time to MAP completion:  2 secs 
Total CPU time to MAP completion:   2 secs 

NOTES:

   Related logic is defined as being logic that shares connectivity - e.g. two
   LUTs are "related" if they share common inputs.  When assembling slices,
   Map gives priority to combine logic that is related.  Doing so results in
   the best timing performance.

   Unrelated logic shares no connectivity.  Map will only begin packing
   unrelated logic into a slice once 99% of the slices are occupied through
   related logic packing.

   Note that once logic distribution reaches the 99% level through related
   logic packing, this does not mean the device is completely utilized.
   Unrelated logic packing will then begin, continuing until all usable LUTs
   and FFs are occupied.  Depending on your timing budget, increased levels of
   unrelated logic packing may adversely affect the overall timing performance
   of your design.

Table of Contents
-----------------
Section 1 - Errors
Section 2 - Warnings
Section 3 - Informational
Section 4 - Removed Logic Summary
Section 5 - Removed Logic
Section 6 - IOB Properties
Section 7 - RPMs
Section 8 - Guide Report
Section 9 - Area Group and Partition Summary
Section 10 - Timing Report
Section 11 - Configuration String Information
Section 12 - Control Set Information
Section 13 - Utilization by Hierarchy

Section 1 - Errors
------------------

Section 2 - Warnings
--------------------
WARNING:PhysDesignRules:372 - Gated clock. Clock net myControlUnit/check_not0001
   is sourced by a combinatorial pin. This is not good design practice. Use the
   CE pin to control the loading of data into the flip-flop.
WARNING:PhysDesignRules:372 - Gated clock. Clock net myControlUnit/type_not0001
   is sourced by a combinatorial pin. This is not good design practice. Use the
   CE pin to control the loading of data into the flip-flop.
WARNING:PhysDesignRules:372 - Gated clock. Clock net
   myControlUnit/alu_op_not0001 is sourced by a combinatorial pin. This is not
   good design practice. Use the CE pin to control the loading of data into the
   flip-flop.
WARNING:PhysDesignRules:372 - Gated clock. Clock net solve/pc_source_not0001 is
   sourced by a combinatorial pin. This is not good design practice. Use the CE
   pin to control the loading of data into the flip-flop.
WARNING:PhysDesignRules:812 - Dangling pin <DOA4> on
   block:<your_instance_names/U0/xst_blk_mem_generator/gnativebmg.native_blk_mem
   _gen/valid.cstr/ramloop[0].ram.r/s3_init.ram/spram.ram.A>:<RAMB16_RAMB16A>.
WARNING:PhysDesignRules:812 - Dangling pin <DOA5> on
   block:<your_instance_names/U0/xst_blk_mem_generator/gnativebmg.native_blk_mem
   _gen/valid.cstr/ramloop[0].ram.r/s3_init.ram/spram.ram.A>:<RAMB16_RAMB16A>.
WARNING:PhysDesignRules:812 - Dangling pin <DOA6> on
   block:<your_instance_names/U0/xst_blk_mem_generator/gnativebmg.native_blk_mem
   _gen/valid.cstr/ramloop[0].ram.r/s3_init.ram/spram.ram.A>:<RAMB16_RAMB16A>.
WARNING:PhysDesignRules:812 - Dangling pin <DOA7> on
   block:<your_instance_names/U0/xst_blk_mem_generator/gnativebmg.native_blk_mem
   _gen/valid.cstr/ramloop[0].ram.r/s3_init.ram/spram.ram.A>:<RAMB16_RAMB16A>.
WARNING:PhysDesignRules:812 - Dangling pin <DOA12> on
   block:<your_instance_names/U0/xst_blk_mem_generator/gnativebmg.native_blk_mem
   _gen/valid.cstr/ramloop[0].ram.r/s3_init.ram/spram.ram.A>:<RAMB16_RAMB16A>.
WARNING:PhysDesignRules:812 - Dangling pin <DOA13> on
   block:<your_instance_names/U0/xst_blk_mem_generator/gnativebmg.native_blk_mem
   _gen/valid.cstr/ramloop[0].ram.r/s3_init.ram/spram.ram.A>:<RAMB16_RAMB16A>.
WARNING:PhysDesignRules:812 - Dangling pin <DOA14> on
   block:<your_instance_names/U0/xst_blk_mem_generator/gnativebmg.native_blk_mem
   _gen/valid.cstr/ramloop[0].ram.r/s3_init.ram/spram.ram.A>:<RAMB16_RAMB16A>.
WARNING:PhysDesignRules:812 - Dangling pin <DOA15> on
   block:<your_instance_names/U0/xst_blk_mem_generator/gnativebmg.native_blk_mem
   _gen/valid.cstr/ramloop[0].ram.r/s3_init.ram/spram.ram.A>:<RAMB16_RAMB16A>.
WARNING:PhysDesignRules:812 - Dangling pin <DOA20> on
   block:<your_instance_names/U0/xst_blk_mem_generator/gnativebmg.native_blk_mem
   _gen/valid.cstr/ramloop[0].ram.r/s3_init.ram/spram.ram.A>:<RAMB16_RAMB16A>.
WARNING:PhysDesignRules:812 - Dangling pin <DOA21> on
   block:<your_instance_names/U0/xst_blk_mem_generator/gnativebmg.native_blk_mem
   _gen/valid.cstr/ramloop[0].ram.r/s3_init.ram/spram.ram.A>:<RAMB16_RAMB16A>.
WARNING:PhysDesignRules:812 - Dangling pin <DOA22> on
   block:<your_instance_names/U0/xst_blk_mem_generator/gnativebmg.native_blk_mem
   _gen/valid.cstr/ramloop[0].ram.r/s3_init.ram/spram.ram.A>:<RAMB16_RAMB16A>.
WARNING:PhysDesignRules:812 - Dangling pin <DOA23> on
   block:<your_instance_names/U0/xst_blk_mem_generator/gnativebmg.native_blk_mem
   _gen/valid.cstr/ramloop[0].ram.r/s3_init.ram/spram.ram.A>:<RAMB16_RAMB16A>.
WARNING:PhysDesignRules:812 - Dangling pin <DOA28> on
   block:<your_instance_names/U0/xst_blk_mem_generator/gnativebmg.native_blk_mem
   _gen/valid.cstr/ramloop[0].ram.r/s3_init.ram/spram.ram.A>:<RAMB16_RAMB16A>.
WARNING:PhysDesignRules:812 - Dangling pin <DOA29> on
   block:<your_instance_names/U0/xst_blk_mem_generator/gnativebmg.native_blk_mem
   _gen/valid.cstr/ramloop[0].ram.r/s3_init.ram/spram.ram.A>:<RAMB16_RAMB16A>.
WARNING:PhysDesignRules:812 - Dangling pin <DOA30> on
   block:<your_instance_names/U0/xst_blk_mem_generator/gnativebmg.native_blk_mem
   _gen/valid.cstr/ramloop[0].ram.r/s3_init.ram/spram.ram.A>:<RAMB16_RAMB16A>.
WARNING:PhysDesignRules:812 - Dangling pin <DOA31> on
   block:<your_instance_names/U0/xst_blk_mem_generator/gnativebmg.native_blk_mem
   _gen/valid.cstr/ramloop[0].ram.r/s3_init.ram/spram.ram.A>:<RAMB16_RAMB16A>.
WARNING:PhysDesignRules:812 - Dangling pin <DOB4> on
   block:<your_instance_names/U0/xst_blk_mem_generator/gnativebmg.native_blk_mem
   _gen/valid.cstr/ramloop[0].ram.r/s3_init.ram/spram.ram.B>:<RAMB16_RAMB16B>.
WARNING:PhysDesignRules:812 - Dangling pin <DOB5> on
   block:<your_instance_names/U0/xst_blk_mem_generator/gnativebmg.native_blk_mem
   _gen/valid.cstr/ramloop[0].ram.r/s3_init.ram/spram.ram.B>:<RAMB16_RAMB16B>.
WARNING:PhysDesignRules:812 - Dangling pin <DOB6> on
   block:<your_instance_names/U0/xst_blk_mem_generator/gnativebmg.native_blk_mem
   _gen/valid.cstr/ramloop[0].ram.r/s3_init.ram/spram.ram.B>:<RAMB16_RAMB16B>.
WARNING:PhysDesignRules:812 - Dangling pin <DOB7> on
   block:<your_instance_names/U0/xst_blk_mem_generator/gnativebmg.native_blk_mem
   _gen/valid.cstr/ramloop[0].ram.r/s3_init.ram/spram.ram.B>:<RAMB16_RAMB16B>.
WARNING:PhysDesignRules:812 - Dangling pin <DOB12> on
   block:<your_instance_names/U0/xst_blk_mem_generator/gnativebmg.native_blk_mem
   _gen/valid.cstr/ramloop[0].ram.r/s3_init.ram/spram.ram.B>:<RAMB16_RAMB16B>.
WARNING:PhysDesignRules:812 - Dangling pin <DOB13> on
   block:<your_instance_names/U0/xst_blk_mem_generator/gnativebmg.native_blk_mem
   _gen/valid.cstr/ramloop[0].ram.r/s3_init.ram/spram.ram.B>:<RAMB16_RAMB16B>.
WARNING:PhysDesignRules:812 - Dangling pin <DOB14> on
   block:<your_instance_names/U0/xst_blk_mem_generator/gnativebmg.native_blk_mem
   _gen/valid.cstr/ramloop[0].ram.r/s3_init.ram/spram.ram.B>:<RAMB16_RAMB16B>.
WARNING:PhysDesignRules:812 - Dangling pin <DOB15> on
   block:<your_instance_names/U0/xst_blk_mem_generator/gnativebmg.native_blk_mem
   _gen/valid.cstr/ramloop[0].ram.r/s3_init.ram/spram.ram.B>:<RAMB16_RAMB16B>.
WARNING:PhysDesignRules:812 - Dangling pin <DOB20> on
   block:<your_instance_names/U0/xst_blk_mem_generator/gnativebmg.native_blk_mem
   _gen/valid.cstr/ramloop[0].ram.r/s3_init.ram/spram.ram.B>:<RAMB16_RAMB16B>.
WARNING:PhysDesignRules:812 - Dangling pin <DOB21> on
   block:<your_instance_names/U0/xst_blk_mem_generator/gnativebmg.native_blk_mem
   _gen/valid.cstr/ramloop[0].ram.r/s3_init.ram/spram.ram.B>:<RAMB16_RAMB16B>.
WARNING:PhysDesignRules:812 - Dangling pin <DOB22> on
   block:<your_instance_names/U0/xst_blk_mem_generator/gnativebmg.native_blk_mem
   _gen/valid.cstr/ramloop[0].ram.r/s3_init.ram/spram.ram.B>:<RAMB16_RAMB16B>.
WARNING:PhysDesignRules:812 - Dangling pin <DOB23> on
   block:<your_instance_names/U0/xst_blk_mem_generator/gnativebmg.native_blk_mem
   _gen/valid.cstr/ramloop[0].ram.r/s3_init.ram/spram.ram.B>:<RAMB16_RAMB16B>.
WARNING:PhysDesignRules:812 - Dangling pin <DOB28> on
   block:<your_instance_names/U0/xst_blk_mem_generator/gnativebmg.native_blk_mem
   _gen/valid.cstr/ramloop[0].ram.r/s3_init.ram/spram.ram.B>:<RAMB16_RAMB16B>.
WARNING:PhysDesignRules:812 - Dangling pin <DOB29> on
   block:<your_instance_names/U0/xst_blk_mem_generator/gnativebmg.native_blk_mem
   _gen/valid.cstr/ramloop[0].ram.r/s3_init.ram/spram.ram.B>:<RAMB16_RAMB16B>.
WARNING:PhysDesignRules:812 - Dangling pin <DOB30> on
   block:<your_instance_names/U0/xst_blk_mem_generator/gnativebmg.native_blk_mem
   _gen/valid.cstr/ramloop[0].ram.r/s3_init.ram/spram.ram.B>:<RAMB16_RAMB16B>.
WARNING:PhysDesignRules:812 - Dangling pin <DOB31> on
   block:<your_instance_names/U0/xst_blk_mem_generator/gnativebmg.native_blk_mem
   _gen/valid.cstr/ramloop[0].ram.r/s3_init.ram/spram.ram.B>:<RAMB16_RAMB16B>.

Section 3 - Informational
-------------------------
INFO:LIT:243 - Logical network myfile/Mram_RegFile_ren_11/SPO has no load.
INFO:LIT:395 - The above info message is repeated 127 more times for the
   following (max. 5 shown):
   myfile/Mram_RegFile_ren_14/SPO,
   myfile/Mram_RegFile_ren_12/SPO,
   myfile/Mram_RegFile_ren_13/SPO,
   myfile/Mram_RegFile_ren_15/SPO,
   myfile/Mram_RegFile_ren_16/SPO
   To see the details of these info messages, please use the -detail switch.
INFO:MapLib:562 - No environment variables are currently set.
INFO:LIT:244 - All of the single ended outputs in this design are using slew
   rate limited output drivers. The delay on speed critical single ended outputs
   can be dramatically reduced by designating them as fast outputs.

Section 4 - Removed Logic Summary
---------------------------------
   6 block(s) optimized away

Section 5 - Removed Logic
-------------------------

Optimized Block(s):
TYPE 		BLOCK
GND 		XST_GND
VCC 		XST_VCC
GND 		your_instance_name/XST_GND
VCC 		your_instance_name/XST_VCC
GND 		your_instance_names/XST_GND
VCC 		your_instance_names/XST_VCC

To enable printing of redundant blocks removed and signals merged, set the
detailed map report option and rerun map.

Section 6 - IOB Properties
--------------------------

+---------------------------------------------------------------------------------------------------------------------------------------------------------+
| IOB Name                           | Type             | Direction | IO Standard          | Diff  | Drive    | Slew | Reg (s)      | Resistor | IOB      |
|                                    |                  |           |                      | Term  | Strength | Rate |              |          | Delay    |
+---------------------------------------------------------------------------------------------------------------------------------------------------------+
| clk                                | IBUF             | INPUT     | LVCMOS25             |       |          |      |              |          | 0 / 0    |
| enabler_segment<0>                 | IOB              | OUTPUT    | LVCMOS25             |       | 12       | SLOW |              |          | 0 / 0    |
| enabler_segment<1>                 | IOB              | OUTPUT    | LVCMOS25             |       | 12       | SLOW |              |          | 0 / 0    |
| enabler_segment<2>                 | IOB              | OUTPUT    | LVCMOS25             |       | 12       | SLOW |              |          | 0 / 0    |
| enabler_segment<3>                 | IOB              | OUTPUT    | LVCMOS25             |       | 12       | SLOW |              |          | 0 / 0    |
| rst                                | IBUF             | INPUT     | LVCMOS25             |       |          |      |              |          | 0 / 0    |
| sevent<0>                          | IOB              | OUTPUT    | LVCMOS25             |       | 12       | SLOW |              |          | 0 / 0    |
| sevent<1>                          | IOB              | OUTPUT    | LVCMOS25             |       | 12       | SLOW |              |          | 0 / 0    |
| sevent<2>                          | IOB              | OUTPUT    | LVCMOS25             |       | 12       | SLOW |              |          | 0 / 0    |
| sevent<3>                          | IOB              | OUTPUT    | LVCMOS25             |       | 12       | SLOW |              |          | 0 / 0    |
| sevent<4>                          | IOB              | OUTPUT    | LVCMOS25             |       | 12       | SLOW |              |          | 0 / 0    |
| sevent<5>                          | IOB              | OUTPUT    | LVCMOS25             |       | 12       | SLOW |              |          | 0 / 0    |
| sevent<6>                          | IOB              | OUTPUT    | LVCMOS25             |       | 12       | SLOW |              |          | 0 / 0    |
| toggle_switches<0>                 | IBUF             | INPUT     | LVCMOS25             |       |          |      |              |          | 0 / 0    |
| toggle_switches<1>                 | IBUF             | INPUT     | LVCMOS25             |       |          |      |              |          | 0 / 0    |
| toggle_switches<2>                 | IBUF             | INPUT     | LVCMOS25             |       |          |      |              |          | 0 / 0    |
| toggle_switches<3>                 | IBUF             | INPUT     | LVCMOS25             |       |          |      |              |          | 0 / 0    |
| toggle_switches<4>                 | IBUF             | INPUT     | LVCMOS25             |       |          |      |              |          | 0 / 0    |
| x                                  | IBUF             | INPUT     | LVCMOS25             |       |          |      |              |          | 0 / 0    |
+---------------------------------------------------------------------------------------------------------------------------------------------------------+

Section 7 - RPMs
----------------

Section 8 - Guide Report
------------------------
Guide not run on this design.

Section 9 - Area Group and Partition Summary
--------------------------------------------

Partition Implementation Status
-------------------------------

  No Partitions were found in this design.

-------------------------------

Area Group Information
----------------------

  No area groups were found in this design.

----------------------

Section 10 - Timing Report
--------------------------
This design was not run using timing mode.

Section 11 - Configuration String Details
-----------------------------------------
Use the "-detail" map option to print out Configuration Strings

Section 12 - Control Set Information
------------------------------------
No control set information for this architecture.

Section 13 - Utilization by Hierarchy
-------------------------------------
Use the "-detail" map option to print out the Utilization by Hierarchy section.
